<?xml version="1.0" encoding="UTF-8"?>
<!-- Generated by org.testng.reporters.JUnitReportReporter -->
<testsuite hostname="ascbotchoque" failures="0" tests="6" name="Testng.FlowBoliviaTestng" time="26.575" errors="0" timestamp="2023-01-19T16:13:20 VET" skipped="0">
  <testcase classname="Testng.FlowBoliviaTestng" name="addCarrito" time="0.520"/>
  <system-out/>
  <testcase classname="Testng.FlowBoliviaTestng" name="inciarWebSite" time="2.699"/>
  <system-out/>
  <testcase classname="Testng.FlowBoliviaTestng" name="buyProduct" time="0.134"/>
  <system-out/>
  <testcase classname="Testng.FlowBoliviaTestng" name="seleccionarProducto" time="5.219"/>
  <system-out/>
  <testcase classname="Testng.FlowBoliviaTestng" name="visibleTitleResum" time="14.055"/>
  <system-out/>
  <testcase classname="Testng.FlowBoliviaTestng" name="autentication" time="3.948"/>
  <system-out/>
</testsuite> <!-- Testng.FlowBoliviaTestng -->
